<?xml version="1.0" encoding="ISO-8859-1" ?>
<optionlist id="col0">
  <option value="refopt20" label="Option 2 0"/>
  <option value="refopt21" label="Option 2 1"/>
  <option value="refopt22" label="Option 2 2"/>
</optionlist>
