<?xml version="1.0" encoding="ISO-8859-1" ?>

<configuration>
  <xml fileName="include-config.xml"/>
</configuration>
